\BOOKMARK [1][-]{section.1}{Project Drivers}{}% 1
\BOOKMARK [2][-]{subsection.1.1}{The Purpose of the Project}{section.1}% 2
\BOOKMARK [2][-]{subsection.1.2}{The Stakeholders}{section.1}% 3
\BOOKMARK [3][-]{subsubsection.1.2.1}{The Client}{subsection.1.2}% 4
\BOOKMARK [3][-]{subsubsection.1.2.2}{The Customers}{subsection.1.2}% 5
\BOOKMARK [3][-]{subsubsection.1.2.3}{Other Stakeholders}{subsection.1.2}% 6
\BOOKMARK [2][-]{subsection.1.3}{Mandated Constraints}{section.1}% 7
\BOOKMARK [2][-]{subsection.1.4}{Naming Conventions and Terminology}{section.1}% 8
\BOOKMARK [2][-]{subsection.1.5}{Relevant Facts and Assumptions}{section.1}% 9
\BOOKMARK [1][-]{section.2}{Functional Requirements}{}% 10
\BOOKMARK [2][-]{subsection.2.1}{The Scope of the Work and the Product}{section.2}% 11
\BOOKMARK [3][-]{subsubsection.2.1.1}{The Context of the Work}{subsection.2.1}% 12
\BOOKMARK [2][-]{subsection.2.2}{Functional Requirements}{section.2}% 13
\BOOKMARK [1][-]{section.3}{Non-functional Requirements}{}% 14
\BOOKMARK [2][-]{subsection.3.1}{Look and Feel Requirements}{section.3}% 15
\BOOKMARK [2][-]{subsection.3.2}{Usability and Humanity Requirements}{section.3}% 16
\BOOKMARK [2][-]{subsection.3.3}{Performance Requirements}{section.3}% 17
\BOOKMARK [2][-]{subsection.3.4}{Safety Critical Requirements}{section.3}% 18
\BOOKMARK [2][-]{subsection.3.5}{Precision Requirements}{section.3}% 19
\BOOKMARK [2][-]{subsection.3.6}{Reliability and Availability Requirements}{section.3}% 20
\BOOKMARK [2][-]{subsection.3.7}{Operational and Environmental Requirements}{section.3}% 21
\BOOKMARK [3][-]{subsubsection.3.7.1}{Expected Physical Environment}{subsection.3.7}% 22
\BOOKMARK [3][-]{subsubsection.3.7.2}{Expected Technological Environment}{subsection.3.7}% 23
\BOOKMARK [3][-]{subsubsection.3.7.3}{Partner Applications}{subsection.3.7}% 24
\BOOKMARK [2][-]{subsection.3.8}{Maintainability and Support Requirements}{section.3}% 25
\BOOKMARK [2][-]{subsection.3.9}{Security Requirements}{section.3}% 26
\BOOKMARK [2][-]{subsection.3.10}{Cultural Requirements}{section.3}% 27
\BOOKMARK [2][-]{subsection.3.11}{Legal Requirements}{section.3}% 28
\BOOKMARK [2][-]{subsection.3.12}{Health and Safety Requirements}{section.3}% 29
\BOOKMARK [1][-]{section.4}{Project Issues}{}% 30
\BOOKMARK [2][-]{subsection.4.1}{Open Issues}{section.4}% 31
\BOOKMARK [2][-]{subsection.4.2}{Risks}{section.4}% 32
\BOOKMARK [3][-]{subsubsection.4.2.1}{Technical Risks}{subsection.4.2}% 33
\BOOKMARK [3][-]{subsubsection.4.2.2}{Non Technical Risks}{subsection.4.2}% 34
\BOOKMARK [1][-]{section.5}{Appendix}{}% 35
\BOOKMARK [2][-]{subsection.5.1}{FAQs}{section.5}% 36
\BOOKMARK [2][-]{subsection.5.2}{Symbolic Parameters}{section.5}% 37
